["2021-08-13 17:05:35,121 - INFO - exec.py - 1 store model_start_time: 2021-08-13 17:05:35" - function:main - line:613]
["2021-08-13 17:05:35,173 - INFO - exec.py - 時間範圍內模型參數不存在，將採用DB中分數最優" - function:get_paras - line:298]
["2021-08-13 17:05:35,315 - INFO - exec.py - 已儲存當次最優化模型 model_1.pkl" - function:model_train - line:381]
["2021-08-13 17:05:35,400 - INFO - exec.py - 已儲存新 model_1 模型特徵權重" - function:store_feature - line:503]
["2021-08-13 17:05:35,425 - INFO - exec.py - 已儲存新 model_1 模型評估指標" - function:store_metrics - line:517]
["2021-08-13 17:05:35,498 - INFO - exec.py - 已刪除舊 店號:1,日期:2021/08/14 的來客數預測" - function:store_customer - line:532]
["2021-08-13 17:05:35,752 - INFO - exec.py - 已儲存新 店號:1,日期:2021/08/14 的來客數預測" - function:store_customer - line:534]
["2021-08-13 17:05:35,804 - INFO - exec.py - 已刪除舊 店號:1,日期:2021/08/15 的來客數預測" - function:store_customer - line:532]
["2021-08-13 17:05:35,888 - INFO - exec.py - 已儲存新 店號:1,日期:2021/08/15 的來客數預測" - function:store_customer - line:534]
["2021-08-13 17:05:35,973 - INFO - exec.py - 已刪除舊 店號:1,日期:2021/08/16 的來客數預測" - function:store_customer - line:532]
["2021-08-13 17:05:36,027 - INFO - exec.py - 已儲存新 店號:1,日期:2021/08/16 的來客數預測" - function:store_customer - line:534]
["2021-08-13 17:05:36,076 - INFO - exec.py - 已刪除舊 店號:1,日期:2021/08/17 的來客數預測" - function:store_customer - line:532]
["2021-08-13 17:05:36,120 - INFO - exec.py - 已儲存新 店號:1,日期:2021/08/17 的來客數預測" - function:store_customer - line:534]
["2021-08-13 17:05:36,278 - INFO - exec.py - 已刪除舊 店號:1,日期:2021/08/18 的來客數預測" - function:store_customer - line:532]
["2021-08-13 17:05:36,326 - INFO - exec.py - 已儲存新 店號:1,日期:2021/08/18 的來客數預測" - function:store_customer - line:534]
["2021-08-13 17:05:36,375 - INFO - exec.py - 已儲存新 店號:1,日期:2021/08/19 的來客數預測" - function:store_customer - line:534]
["2021-08-13 17:05:36,452 - INFO - exec.py - 已儲存新 店號:1,日期:2021/08/20 的來客數預測" - function:store_customer - line:534]
["2021-08-13 17:05:36,452 - INFO - exec.py - 已儲存 model_1 模型特徵權重、評估指標與來客數預測" - function:store_data - line:550]
["2021-08-13 17:05:36,552 - INFO - exec.py - 1 store model_end_time:2021-08-13 17:05:36" - function:main - line:629]
["2021-08-13 17:05:36,954 - INFO - exec.py - 12 store model_start_time: 2021-08-13 17:05:36" - function:main - line:613]
["2021-08-13 17:05:36,975 - INFO - exec.py - 時間範圍內模型參數不存在，將採用DB中分數最優" - function:get_paras - line:298]
["2021-08-13 17:05:37,101 - INFO - exec.py - 已儲存當次最優化模型 model_12.pkl" - function:model_train - line:381]
["2021-08-13 17:05:37,159 - INFO - exec.py - 已儲存新 model_12 模型特徵權重" - function:store_feature - line:503]
["2021-08-13 17:05:37,184 - INFO - exec.py - 已儲存新 model_12 模型評估指標" - function:store_metrics - line:517]
["2021-08-13 17:05:37,227 - INFO - exec.py - 已刪除舊 店號:12,日期:2021/08/14 的來客數預測" - function:store_customer - line:532]
["2021-08-13 17:05:37,243 - INFO - exec.py - 已儲存新 店號:12,日期:2021/08/14 的來客數預測" - function:store_customer - line:534]
["2021-08-13 17:05:37,294 - INFO - exec.py - 已刪除舊 店號:12,日期:2021/08/15 的來客數預測" - function:store_customer - line:532]
["2021-08-13 17:05:37,311 - INFO - exec.py - 已儲存新 店號:12,日期:2021/08/15 的來客數預測" - function:store_customer - line:534]
["2021-08-13 17:05:37,342 - INFO - exec.py - 已刪除舊 店號:12,日期:2021/08/16 的來客數預測" - function:store_customer - line:532]
["2021-08-13 17:05:37,361 - INFO - exec.py - 已儲存新 店號:12,日期:2021/08/16 的來客數預測" - function:store_customer - line:534]
["2021-08-13 17:05:37,392 - INFO - exec.py - 已刪除舊 店號:12,日期:2021/08/17 的來客數預測" - function:store_customer - line:532]
["2021-08-13 17:05:37,414 - INFO - exec.py - 已儲存新 店號:12,日期:2021/08/17 的來客數預測" - function:store_customer - line:534]
["2021-08-13 17:05:37,441 - INFO - exec.py - 已刪除舊 店號:12,日期:2021/08/18 的來客數預測" - function:store_customer - line:532]
["2021-08-13 17:05:37,468 - INFO - exec.py - 已儲存新 店號:12,日期:2021/08/18 的來客數預測" - function:store_customer - line:534]
["2021-08-13 17:05:37,491 - INFO - exec.py - 已儲存新 店號:12,日期:2021/08/19 的來客數預測" - function:store_customer - line:534]
["2021-08-13 17:05:37,534 - INFO - exec.py - 已儲存新 店號:12,日期:2021/08/20 的來客數預測" - function:store_customer - line:534]
["2021-08-13 17:05:37,534 - INFO - exec.py - 已儲存 model_12 模型特徵權重、評估指標與來客數預測" - function:store_data - line:550]
["2021-08-13 17:05:37,558 - INFO - exec.py - 12 store model_end_time:2021-08-13 17:05:37" - function:main - line:629]
