["2021-08-11 14:38:13,695 - INFO - exec.py - 1 store model_start_time: 2021-08-11 14:38:13" - function:main - line:613]
["2021-08-11 14:38:13,962 - INFO - exec.py - 時間範圍內模型參數不存在，將採用DB中分數最優" - function:get_paras - line:298]
["2021-08-11 14:38:14,032 - INFO - exec.py - 已儲存當次最優化模型 model_1.pkl" - function:model_train - line:381]
["2021-08-11 14:38:14,467 - INFO - exec.py - 已儲存新 model_1 模型特徵權重" - function:store_feature - line:503]
["2021-08-11 14:38:14,492 - INFO - exec.py - 已儲存新 model_1 模型評估指標" - function:store_metrics - line:517]
["2021-08-11 14:38:14,732 - INFO - exec.py -已刪除舊  店號:1,日期:2021/08/12 的來客數預測" - function:store_customer - line:532]
["2021-08-11 14:38:14,816 - INFO - exec.py - 已儲存新 店號:1,日期:2021/08/12 的來客數預測" - function:store_customer - line:534]
["2021-08-11 14:38:14,853 - INFO - exec.py - 已刪除舊 店號:1,日期:2021/08/13 的來客數預測" - function:store_customer - line:532]
["2021-08-11 14:38:14,866 - INFO - exec.py - 已儲存新 店號:1,日期:2021/08/13 的來客數預測" - function:store_customer - line:534]
["2021-08-11 14:38:15,015 - INFO - exec.py - 已儲存新 店號:1,日期:2021/08/14 的來客數預測" - function:store_customer - line:534]
["2021-08-11 14:38:15,041 - INFO - exec.py - 已儲存新 店號:1,日期:2021/08/15 的來客數預測" - function:store_customer - line:534]
["2021-08-11 14:38:15,076 - INFO - exec.py - 已儲存新 店號:1,日期:2021/08/16 的來客數預測" - function:store_customer - line:534]
["2021-08-11 14:38:15,099 - INFO - exec.py - 已儲存新 店號:1,日期:2021/08/17 的來客數預測" - function:store_customer - line:534]
["2021-08-11 14:38:15,116 - INFO - exec.py - 已儲存新 店號:1,日期:2021/08/18 的來客數預測" - function:store_customer - line:534]
["2021-08-11 14:38:15,116 - INFO - exec.py - 已儲存 model_1 模型特徵權重、評估指標與來客數預測" - function:store_data - line:550]
["2021-08-11 14:38:15,190 - INFO - exec.py - 1 store model_end_time:2021-08-11 14:38:15" - function:main - line:629]
["2021-08-11 14:38:15,635 - INFO - exec.py - 12 store model_start_time: 2021-08-11 14:38:15" - function:main - line:613]
["2021-08-11 14:38:15,728 - INFO - exec.py - 時間範圍內模型參數不存在，將採用DB中分數最優" - function:get_paras - line:298]
["2021-08-11 14:38:15,799 - INFO - exec.py - 已儲存當次最優化模型 model_12.pkl" - function:model_train - line:381]
["2021-08-11 14:38:15,849 - INFO - exec.py - 已儲存新 model_12 模型特徵權重" - function:store_feature - line:503]
["2021-08-11 14:38:15,865 - INFO - exec.py - 已儲存新 model_12 模型評估指標" - function:store_metrics - line:517]
["2021-08-11 14:38:15,898 - INFO - exec.py - 已刪除舊 店號:12,日期:2021/08/12 的來客數預測" - function:store_customer - line:532]
["2021-08-11 14:38:15,924 - INFO - exec.py - 已儲存新 店號:12,日期:2021/08/12 的來客數預測" - function:store_customer - line:534]
["2021-08-11 14:38:15,967 - INFO - exec.py - 已刪除舊 店號:12,日期:2021/08/13 的來客數預測" - function:store_customer - line:532]
["2021-08-11 14:38:15,984 - INFO - exec.py - 已儲存新 店號:12,日期:2021/08/13 的來客數預測" - function:store_customer - line:534]
["2021-08-11 14:38:16,049 - INFO - exec.py - 已儲存新 店號:12,日期:2021/08/14 的來客數預測" - function:store_customer - line:534]
["2021-08-11 14:38:16,074 - INFO - exec.py - 已儲存新 店號:12,日期:2021/08/15 的來客數預測" - function:store_customer - line:534]
["2021-08-11 14:38:16,099 - INFO - exec.py - 已儲存新 店號:12,日期:2021/08/16 的來客數預測" - function:store_customer - line:534]
["2021-08-11 14:38:16,175 - INFO - exec.py - 已儲存新 店號:12,日期:2021/08/17 的來客數預測" - function:store_customer - line:534]
["2021-08-11 14:38:16,224 - INFO - exec.py - 已儲存新 店號:12,日期:2021/08/18 的來客數預測" - function:store_customer - line:534]
["2021-08-11 14:38:16,224 - INFO - exec.py - 已儲存 model_12 模型特徵權重、評估指標與來客數預測" - function:store_data - line:550]
["2021-08-11 14:38:16,250 - INFO - exec.py - 12 store model_end_time:2021-08-11 14:38:16" - function:main - line:629]
